mode: count
automatedTollPlaze/api/routes.go:25.34,26.71 1 2
automatedTollPlaze/api/routes.go:26.71,32.3 2 2
automatedTollPlaze/api/routes.go:36.61,42.2 2 1
automatedTollPlaze/api/routes.go:45.63,56.2 2 1
automatedTollPlaze/api/routes.go:59.40,110.2 1 6
automatedTollPlaze/api/toll.go:17.72,19.69 2 4
automatedTollPlaze/api/toll.go:28.2,28.60 1 3
automatedTollPlaze/api/toll.go:33.2,34.16 2 2
automatedTollPlaze/api/toll.go:38.2,38.28 1 1
automatedTollPlaze/api/toll.go:19.69,27.3 3 1
automatedTollPlaze/api/toll.go:28.60,32.3 3 1
automatedTollPlaze/api/toll.go:34.16,37.3 2 1
automatedTollPlaze/api/toll.go:42.75,46.25 1 2
automatedTollPlaze/api/toll.go:54.2,54.55 1 2
automatedTollPlaze/api/toll.go:59.2,61.21 3 1
automatedTollPlaze/api/toll.go:46.25,48.24 2 2
automatedTollPlaze/api/toll.go:51.4,51.17 1 2
automatedTollPlaze/api/toll.go:48.24,50.5 1 1
automatedTollPlaze/api/toll.go:54.55,58.3 3 1
automatedTollPlaze/api/toll.go:65.73,71.16 4 2
automatedTollPlaze/api/toll.go:74.2,74.31 1 2
automatedTollPlaze/api/toll.go:71.16,73.3 1 1
automatedTollPlaze/api/toll.go:78.73,84.16 4 2
automatedTollPlaze/api/toll.go:87.2,87.31 1 2
automatedTollPlaze/api/toll.go:84.16,86.3 1 1
automatedTollPlaze/api/toll.go:91.48,94.72 3 2
automatedTollPlaze/api/toll.go:99.2,99.72 1 2
automatedTollPlaze/api/toll.go:104.2,104.21 1 2
automatedTollPlaze/api/toll.go:94.72,95.65 1 1
automatedTollPlaze/api/toll.go:95.65,97.4 1 1
automatedTollPlaze/api/toll.go:99.72,100.65 1 1
automatedTollPlaze/api/toll.go:100.65,102.4 1 1
automatedTollPlaze/pkg/errors/errors.go:10.53,15.2 1 3
automatedTollPlaze/pkg/errors/errors.go:18.33,20.2 1 1
automatedTollPlaze/pkg/errors/errors.go:23.38,24.16 1 3
automatedTollPlaze/pkg/errors/errors.go:27.2,28.8 2 2
automatedTollPlaze/pkg/errors/errors.go:31.2,34.3 1 1
automatedTollPlaze/pkg/errors/errors.go:24.16,26.3 1 1
automatedTollPlaze/pkg/errors/errors.go:28.8,30.3 1 1
automatedTollPlaze/pkg/platform/db/mongo/mongo.go:29.62,31.16 2 0
automatedTollPlaze/pkg/platform/db/mongo/mongo.go:35.2,37.3 1 0
automatedTollPlaze/pkg/platform/db/mongo/mongo.go:31.16,33.13 2 0
automatedTollPlaze/pkg/platform/db/mongo/mongo.go:41.60,43.2 1 0
automatedTollPlaze/pkg/platform/db/mongo/mongo.go:46.53,48.2 1 1
automatedTollPlaze/pkg/platform/db/mongo/mongo.go:51.71,53.37 2 0
automatedTollPlaze/pkg/platform/db/mongo/mongo.go:56.2,56.109 1 0
automatedTollPlaze/pkg/platform/db/mongo/mongo.go:62.2,62.12 1 0
automatedTollPlaze/pkg/platform/db/mongo/mongo.go:53.37,55.3 1 0
automatedTollPlaze/pkg/platform/db/mongo/mongo.go:56.109,57.29 1 0
automatedTollPlaze/pkg/platform/db/mongo/mongo.go:60.3,60.13 1 0
automatedTollPlaze/pkg/platform/db/mongo/mongo.go:57.29,59.4 1 0
automatedTollPlaze/pkg/platform/db/mongo/mongo.go:66.71,68.37 2 0
automatedTollPlaze/pkg/platform/db/mongo/mongo.go:71.2,72.29 2 0
automatedTollPlaze/pkg/platform/db/mongo/mongo.go:76.2,76.48 1 0
automatedTollPlaze/pkg/platform/db/mongo/mongo.go:79.2,79.12 1 0
automatedTollPlaze/pkg/platform/db/mongo/mongo.go:68.37,70.3 1 0
automatedTollPlaze/pkg/platform/db/mongo/mongo.go:72.29,75.3 2 0
automatedTollPlaze/pkg/platform/db/mongo/mongo.go:76.48,78.3 1 0
automatedTollPlaze/pkg/platform/db/mongo/mongo.go:83.68,85.38 2 0
automatedTollPlaze/pkg/platform/db/mongo/mongo.go:88.2,89.14 2 0
automatedTollPlaze/pkg/platform/db/mongo/mongo.go:85.38,87.3 1 0
automatedTollPlaze/pkg/platform/db/mongo/mongo.go:93.71,95.38 2 0
automatedTollPlaze/pkg/platform/db/mongo/mongo.go:98.2,102.12 3 0
automatedTollPlaze/pkg/platform/db/mongo/mongo.go:95.38,97.3 1 0
automatedTollPlaze/pkg/platform/db/mongo/mongo.go:106.74,108.2 1 0
automatedTollPlaze/pkg/toll/helper.go:9.52,14.2 1 11
automatedTollPlaze/pkg/toll/helper.go:17.56,18.57 1 5
automatedTollPlaze/pkg/toll/helper.go:21.2,21.10 1 5
automatedTollPlaze/pkg/toll/helper.go:18.57,20.3 1 5
automatedTollPlaze/pkg/toll/helper.go:25.50,26.51 1 6
automatedTollPlaze/pkg/toll/helper.go:29.2,29.10 1 6
automatedTollPlaze/pkg/toll/helper.go:26.51,28.3 1 6
automatedTollPlaze/pkg/toll/helper.go:33.48,34.49 1 1
automatedTollPlaze/pkg/toll/helper.go:37.2,37.10 1 1
automatedTollPlaze/pkg/toll/helper.go:34.49,36.3 1 1
automatedTollPlaze/pkg/toll/helper.go:41.48,42.49 1 1
automatedTollPlaze/pkg/toll/helper.go:45.2,45.10 1 1
automatedTollPlaze/pkg/toll/helper.go:42.49,44.3 1 1
automatedTollPlaze/pkg/toll/helper.go:49.55,51.2 1 9
automatedTollPlaze/pkg/toll/toll.go:31.81,35.2 1 11
automatedTollPlaze/pkg/toll/toll.go:38.82,48.9 5 4
automatedTollPlaze/pkg/toll/toll.go:57.2,57.34 1 2
automatedTollPlaze/pkg/toll/toll.go:62.2,62.32 1 2
automatedTollPlaze/pkg/toll/toll.go:71.2,78.65 4 2
automatedTollPlaze/pkg/toll/toll.go:82.2,82.12 1 1
automatedTollPlaze/pkg/toll/toll.go:49.43,51.33 2 1
automatedTollPlaze/pkg/toll/toll.go:52.18,54.31 2 1
automatedTollPlaze/pkg/toll/toll.go:57.34,60.3 2 2
automatedTollPlaze/pkg/toll/toll.go:62.32,64.31 2 2
automatedTollPlaze/pkg/toll/toll.go:68.3,68.15 1 2
automatedTollPlaze/pkg/toll/toll.go:64.31,67.4 2 2
automatedTollPlaze/pkg/toll/toll.go:78.65,81.3 2 1
automatedTollPlaze/pkg/toll/toll.go:86.105,109.2 8 1
automatedTollPlaze/pkg/toll/toll.go:112.102,121.65 4 2
automatedTollPlaze/pkg/toll/toll.go:125.2,125.22 1 1
automatedTollPlaze/pkg/toll/toll.go:121.65,124.3 2 1
automatedTollPlaze/pkg/toll/toll.go:129.98,138.16 4 4
automatedTollPlaze/pkg/toll/toll.go:145.2,145.33 1 3
automatedTollPlaze/pkg/toll/toll.go:149.2,157.64 4 2
automatedTollPlaze/pkg/toll/toll.go:161.2,161.20 1 1
automatedTollPlaze/pkg/toll/toll.go:138.16,139.28 1 1
automatedTollPlaze/pkg/toll/toll.go:142.3,143.38 2 1
automatedTollPlaze/pkg/toll/toll.go:139.28,141.4 1 1
automatedTollPlaze/pkg/toll/toll.go:145.33,148.3 2 1
automatedTollPlaze/pkg/toll/toll.go:157.64,160.3 2 1
